proguard/seeds.txt
org.jboss.netty.util.ThreadNameDeterminer$2
org.jboss.netty.util.ThreadNameDeterminer$2: ThreadNameDeterminer$2()
org.jboss.netty.util.ThreadNameDeterminer$2: java.lang.String determineThreadName(java.lang.String,java.lang.String)
org.jboss.netty.util.ThreadRenamingRunnable
org.jboss.netty.util.ThreadRenamingRunnable: org.jboss.netty.logging.InternalLogger logger
org.jboss.netty.util.ThreadRenamingRunnable: org.jboss.netty.util.ThreadNameDeterminer threadNameDeterminer
org.jboss.netty.util.ThreadRenamingRunnable: java.lang.Runnable runnable
org.jboss.netty.util.ThreadRenamingRunnable: java.lang.String proposedThreadName
org.jboss.netty.util.ThreadRenamingRunnable: org.jboss.netty.util.ThreadNameDeterminer getThreadNameDeterminer()
org.jboss.netty.util.ThreadRenamingRunnable: void setThreadNameDeterminer(org.jboss.netty.util.ThreadNameDeterminer)
org.jboss.netty.util.ThreadRenamingRunnable: ThreadRenamingRunnable(java.lang.Runnable,java.lang.String)
org.jboss.netty.util.ThreadRenamingRunnable: void run()
org.jboss.netty.util.ThreadRenamingRunnable: java.lang.String getNewThreadName(java.lang.String)
org.jboss.netty.util.ThreadRenamingRunnable: void <clinit>()
org.jboss.netty.util.Timeout
org.jboss.netty.util.Timeout: org.jboss.netty.util.Timer getTimer()
org.jboss.netty.util.Timeout: org.jboss.netty.util.TimerTask getTask()
org.jboss.netty.util.Timeout: boolean isExpired()
org.jboss.netty.util.Timeout: boolean isCancelled()
org.jboss.netty.util.Timeout: void cancel()
org.jboss.netty.util.Timer
org.jboss.netty.util.Timer: org.jboss.netty.util.Timeout newTimeout(org.jboss.netty.util.TimerTask,long,java.util.concurrent.TimeUnit)
org.jboss.netty.util.Timer: java.util.Set stop()
org.jboss.netty.util.TimerTask
org.jboss.netty.util.TimerTask: void run(org.jboss.netty.util.Timeout)
org.jboss.netty.util.Version
org.jboss.netty.util.Version: java.lang.String ID
org.jboss.netty.util.Version: void main(java.lang.String[])
org.jboss.netty.util.Version: Version()
org.jboss.netty.util.VirtualExecutorService
org.jboss.netty.util.VirtualExecutorService: java.util.concurrent.Executor e
org.jboss.netty.util.VirtualExecutorService: java.util.concurrent.ExecutorService s
org.jboss.netty.util.VirtualExecutorService: java.lang.Object startStopLock
org.jboss.netty.util.VirtualExecutorService: boolean shutdown
org.jboss.netty.util.VirtualExecutorService: java.util.Set activeThreads
org.jboss.netty.util.VirtualExecutorService: VirtualExecutorService(java.util.concurrent.Executor)
org.jboss.netty.util.VirtualExecutorService: boolean isShutdown()
org.jboss.netty.util.VirtualExecutorService: boolean isTerminated()
org.jboss.netty.util.VirtualExecutorService: void shutdown()
org.jboss.netty.util.VirtualExecutorService: java.util.List shutdownNow()
org.jboss.netty.util.VirtualExecutorService: boolean awaitTermination(long,java.util.concurrent.TimeUnit)
org.jboss.netty.util.VirtualExecutorService: void execute(java.lang.Runnable)
org.jboss.netty.util.VirtualExecutorService$ChildExecutorRunnable
org.jboss.netty.util.VirtualExecutorService$ChildExecutorRunnable: java.lang.Runnable runnable
org.jboss.netty.util.VirtualExecutorService$ChildExecutorRunnable: boolean $assertionsDisabled
org.jboss.netty.util.VirtualExecutorService$ChildExecutorRunnable: org.jboss.netty.util.VirtualExecutorService this$0
org.jboss.netty.util.VirtualExecutorService$ChildExecutorRunnable: VirtualExecutorService$ChildExecutorRunnable(org.jboss.netty.util.VirtualExecutorService,java.lang.Runnable)
org.jboss.netty.util.VirtualExecutorService$ChildExecutorRunnable: void run()
org.jboss.netty.util.VirtualExecutorService$ChildExecutorRunnable: void <clinit>()