proguard/mapping.txt
com.alipay.sdk.auth.AuthActivity$9 -> com.alipay.sdk.auth.q:
    com.alipay.sdk.auth.AuthActivity a -> a
    256:259:void onDownloadStart(java.lang.String,java.lang.String,java.lang.String,java.lang.String,long) -> onDownloadStart
com.alipay.sdk.auth.AuthHelper -> com.alipay.sdk.auth.r:
    java.lang.String a -> a
    int b -> b
    27:38:boolean a(android.content.Context) -> a
    72:78:void a(android.app.Activity,com.alipay.sdk.auth.APAuthInfo) -> a
    81:94:void b(android.app.Activity,com.alipay.sdk.auth.APAuthInfo) -> b
    97:116:void c(android.app.Activity,com.alipay.sdk.auth.APAuthInfo) -> c
    120:127:void a(android.app.Activity,java.lang.String) -> a
com.alipay.sdk.cons.GlobalConstants -> com.alipay.sdk.a.a:
    boolean a -> a
    java.lang.String b -> b
    java.lang.String c -> c
    java.lang.String d -> d
    java.lang.String e -> e
    java.lang.String f -> f
com.alipay.sdk.cons.GlobalDefine -> com.alipay.sdk.a.b:
    java.lang.String a -> a
    java.lang.String b -> b
    java.lang.String c -> c
    java.lang.String d -> d
    java.lang.String e -> e
    java.lang.String f -> f
    java.lang.String g -> g
    java.lang.String h -> h
    java.lang.String i -> i
    java.lang.String j -> j
    java.lang.String k -> k
    java.lang.String l -> l
    java.lang.String m -> m
    java.lang.String n -> n
    java.lang.String o -> o
    java.lang.String p -> p
com.alipay.sdk.cons.MiniDefine -> com.alipay.sdk.a.c:
    java.lang.String a -> a
    java.lang.String b -> b
    java.lang.String c -> c
    java.lang.String d -> d
    java.lang.String e -> e
    java.lang.String f -> f
    java.lang.String g -> g
    java.lang.String h -> h
    java.lang.String i -> i
    java.lang.String j -> j
    java.lang.String k -> k
    java.lang.String l -> l
    java.lang.String m -> m
    java.lang.String n -> n
    java.lang.String o -> o
    java.lang.String p -> p
    java.lang.String q -> q
    java.lang.String r -> r
    java.lang.String s -> s
    java.lang.String t -> t
    java.lang.String u -> u
    java.lang.String v -> v
    java.lang.String w -> w
    java.lang.String x -> x
    java.lang.String y -> y
    java.lang.String z -> z
    java.lang.String A -> A
    java.lang.String B -> B
    java.lang.String C -> C
    java.lang.String D -> D
    java.lang.String E -> E
    java.lang.String F -> F
    java.lang.String G -> G
    java.lang.String H -> H
    java.lang.String I -> I
    java.lang.String J -> J
    java.lang.String K -> K
    java.lang.String L -> L
    java.lang.String M -> M
    java.lang.String N -> N
    java.lang.String O -> O
    java.lang.String P -> P
    java.lang.String Q -> Q
    java.lang.String R -> R
    java.lang.String S -> S
    java.lang.String T -> T
    java.lang.String U -> U
    java.lang.String V -> V
    java.lang.String W -> W
com.alipay.sdk.data.Envelope -> com.alipay.sdk.b.a:
    java.lang.String a -> a
    java.lang.String b -> b
    java.lang.String c -> c
    java.lang.String d -> d
    java.lang.String e -> e
    java.lang.String f -> f
    java.lang.String g -> g
    27:27:java.lang.String a() -> a
    31:32:void a(java.lang.String) -> a
    38:38:java.lang.String b() -> b
    46:47:void b(java.lang.String) -> b
    53:53:java.lang.String c() -> c
    61:62:void c(java.lang.String) -> c
    68:68:java.lang.String d() -> d
    76:77:void d(java.lang.String) -> d
    83:83:java.lang.String e() -> e
    91:92:void e(java.lang.String) -> e
    99:99:java.lang.String toString() -> toString
    104:117:java.lang.String h(java.lang.String) -> h
    121:121:java.lang.String f() -> f
    125:126:void f(java.lang.String) -> f
    129:129:java.lang.String g() -> g
    133:134:void g(java.lang.String) -> g